0 info it worked if it ends with ok
1 verbose cli [ '/home/meysam/.nvm/versions/node/v5.5.0/bin/node',
1 verbose cli   '/home/meysam/.nvm/versions/node/v5.5.0/bin/npm',
1 verbose cli   'start' ]
2 info using npm@3.3.12
3 info using node@v5.5.0
4 verbose run-script [ 'prestart', 'start', 'poststart' ]
5 info lifecycle helloWorld@0.0.1~prestart: helloWorld@0.0.1
6 silly lifecycle helloWorld@0.0.1~prestart: no script for prestart, continuing
7 info lifecycle helloWorld@0.0.1~start: helloWorld@0.0.1
8 verbose lifecycle helloWorld@0.0.1~start: unsafe-perm in lifecycle true
9 verbose lifecycle helloWorld@0.0.1~start: PATH: /home/meysam/.nvm/versions/node/v5.5.0/lib/node_modules/npm/bin/node-gyp-bin:/home/meysam/pg/helloWorld/node_modules/.bin:/home/meysam/.nvm/versions/node/v5.5.0/bin:/usr/local/sbin:/usr/local/bin:/usr/sbin:/usr/bin:/sbin:/bin
10 verbose lifecycle helloWorld@0.0.1~start: CWD: /home/meysam/pg/helloWorld
11 silly lifecycle helloWorld@0.0.1~start: Args: [ '-c', 'node ./bin/www' ]
12 silly lifecycle helloWorld@0.0.1~start: Returned: code: 1  signal: null
13 info lifecycle helloWorld@0.0.1~start: Failed to exec start script
14 verbose stack Error: helloWorld@0.0.1 start: `node ./bin/www`
14 verbose stack Exit status 1
14 verbose stack     at EventEmitter.<anonymous> (/home/meysam/.nvm/versions/node/v5.5.0/lib/node_modules/npm/lib/utils/lifecycle.js:232:16)
14 verbose stack     at emitTwo (events.js:100:13)
14 verbose stack     at EventEmitter.emit (events.js:185:7)
14 verbose stack     at ChildProcess.<anonymous> (/home/meysam/.nvm/versions/node/v5.5.0/lib/node_modules/npm/lib/utils/spawn.js:24:14)
14 verbose stack     at emitTwo (events.js:100:13)
14 verbose stack     at ChildProcess.emit (events.js:185:7)
14 verbose stack     at maybeClose (internal/child_process.js:821:16)
14 verbose stack     at Process.ChildProcess._handle.onexit (internal/child_process.js:211:5)
15 verbose pkgid helloWorld@0.0.1
16 verbose cwd /home/meysam/pg/helloWorld
17 error Linux 3.19.0-25-generic
18 error argv "/home/meysam/.nvm/versions/node/v5.5.0/bin/node" "/home/meysam/.nvm/versions/node/v5.5.0/bin/npm" "start"
19 error node v5.5.0
20 error npm  v3.3.12
21 error code ELIFECYCLE
22 error helloWorld@0.0.1 start: `node ./bin/www`
22 error Exit status 1
23 error Failed at the helloWorld@0.0.1 start script 'node ./bin/www'.
23 error Make sure you have the latest version of node.js and npm installed.
23 error If you do, this is most likely a problem with the helloWorld package,
23 error not with npm itself.
23 error Tell the author that this fails on your system:
23 error     node ./bin/www
23 error You can get their info via:
23 error     npm owner ls helloWorld
23 error There is likely additional logging output above.
24 verbose exit [ 1, true ]
